<?xml version="1.0" encoding="UTF-8"?>
<testng-results ignored="0" total="1" passed="1" failed="0" skipped="0">
  <reporter-output>
    <line>
      <![CDATA[database connected ]]>
    </line>
    <line>
      <![CDATA[Browser is laumched successfully]]>
    </line>
    <line>
      <![CDATA[logged in successfully]]>
    </line>
    <line>
      <![CDATA[logged out successfully]]>
    </line>
    <line>
      <![CDATA[Browser closed successfully]]>
    </line>
    <line>
      <![CDATA[database disconnected successfully]]>
    </line>
  </reporter-output>
  <suite started-at="2023-07-24T12:36:05 IST" name="Default suite" finished-at="2023-07-24T12:36:25 IST" duration-ms="20032">
    <groups>
    </groups>
    <test started-at="2023-07-24T12:36:05 IST" name="Default test" finished-at="2023-07-24T12:36:25 IST" duration-ms="20032">
      <class name="com.Actitime.Testscripts.CreateCustomer">
        <test-method is-config="true" signature="databaseConnection()[pri:0, instance:com.Actitime.Testscripts.CreateCustomer@1972e513]" started-at="2023-07-24T12:36:05 IST" name="databaseConnection" finished-at="2023-07-24T12:36:05 IST" duration-ms="17" status="PASS">
          <reporter-output>
            <line>
              <![CDATA[database connected ]]>
            </line>
          </reporter-output>
        </test-method> <!-- databaseConnection -->
        <test-method is-config="true" signature="LaunchBrowser()[pri:0, instance:com.Actitime.Testscripts.CreateCustomer@1972e513]" started-at="2023-07-24T12:36:05 IST" name="LaunchBrowser" finished-at="2023-07-24T12:36:15 IST" duration-ms="9901" status="PASS">
          <reporter-output>
            <line>
              <![CDATA[Browser is laumched successfully]]>
            </line>
          </reporter-output>
        </test-method> <!-- LaunchBrowser -->
        <test-method is-config="true" signature="login()[pri:0, instance:com.Actitime.Testscripts.CreateCustomer@1972e513]" started-at="2023-07-24T12:36:15 IST" name="login" finished-at="2023-07-24T12:36:15 IST" duration-ms="380" status="PASS">
          <reporter-output>
            <line>
              <![CDATA[logged in successfully]]>
            </line>
          </reporter-output>
        </test-method> <!-- login -->
        <test-method signature="createCustomer()[pri:0, instance:com.Actitime.Testscripts.CreateCustomer@1972e513]" started-at="2023-07-24T12:36:15 IST" name="createCustomer" finished-at="2023-07-24T12:36:23 IST" duration-ms="7790" status="PASS">
          <reporter-output>
          </reporter-output>
        </test-method> <!-- createCustomer -->
        <test-method is-config="true" signature="logout()[pri:0, instance:com.Actitime.Testscripts.CreateCustomer@1972e513]" started-at="2023-07-24T12:36:23 IST" name="logout" finished-at="2023-07-24T12:36:24 IST" duration-ms="1743" status="PASS">
          <reporter-output>
            <line>
              <![CDATA[logged out successfully]]>
            </line>
          </reporter-output>
        </test-method> <!-- logout -->
        <test-method is-config="true" signature="closeTheBrowser()[pri:0, instance:com.Actitime.Testscripts.CreateCustomer@1972e513]" started-at="2023-07-24T12:36:24 IST" name="closeTheBrowser" finished-at="2023-07-24T12:36:25 IST" duration-ms="163" status="PASS">
          <reporter-output>
            <line>
              <![CDATA[Browser closed successfully]]>
            </line>
          </reporter-output>
        </test-method> <!-- closeTheBrowser -->
        <test-method is-config="true" signature="dissconnectdatabase()[pri:0, instance:com.Actitime.Testscripts.CreateCustomer@1972e513]" started-at="2023-07-24T12:36:25 IST" name="dissconnectdatabase" finished-at="2023-07-24T12:36:25 IST" duration-ms="0" status="PASS">
          <reporter-output>
            <line>
              <![CDATA[database disconnected successfully]]>
            </line>
          </reporter-output>
        </test-method> <!-- dissconnectdatabase -->
      </class> <!-- com.Actitime.Testscripts.CreateCustomer -->
    </test> <!-- Default test -->
  </suite> <!-- Default suite -->
</testng-results>
